  [1m[35m (221.0ms)[0m  [1m[35mCREATE DATABASE "personalWebBackend_development" ENCODING = 'unicode'[0m
  [1m[35m (127.4ms)[0m  [1m[35mCREATE DATABASE "personalWebBackend_test" ENCODING = 'unicode'[0m
  [1m[35m (16.5ms)[0m  [1m[35mCREATE TABLE "schema_migrations" ("version" character varying NOT NULL PRIMARY KEY)[0m
  [1m[35m (7.1ms)[0m  [1m[35mCREATE TABLE "ar_internal_metadata" ("key" character varying NOT NULL PRIMARY KEY, "value" character varying, "created_at" timestamp(6) NOT NULL, "updated_at" timestamp(6) NOT NULL)[0m
  [1m[35m (0.8ms)[0m  [1m[34mSELECT pg_try_advisory_lock(936558989948330280)[0m
  [1m[35m (1.1ms)[0m  [1m[34mSELECT "schema_migrations"."version" FROM "schema_migrations" ORDER BY "schema_migrations"."version" ASC[0m
Migrating to CreateCharacters (20191230090123)
  [1m[35m (0.3ms)[0m  [1m[35mBEGIN[0m
  [1m[35m (11.2ms)[0m  [1m[35mCREATE TABLE "characters" ("id" bigserial primary key, "name" character varying, "level" integer, "exp" integer, "created_at" timestamp(6) NOT NULL, "updated_at" timestamp(6) NOT NULL)[0m
  [1m[36mprimary::SchemaMigration Create (1.4ms)[0m  [1m[32mINSERT INTO "schema_migrations" ("version") VALUES ($1) RETURNING "version"[0m  [["version", "20191230090123"]]
  [1m[35m (1.4ms)[0m  [1m[35mCOMMIT[0m
Migrating to CreateLevels (20191230145140)
  [1m[35m (0.4ms)[0m  [1m[35mBEGIN[0m
  [1m[35m (5.4ms)[0m  [1m[35mCREATE TABLE "levels" ("id" bigserial primary key, "level" integer, "exp" integer, "created_at" timestamp(6) NOT NULL, "updated_at" timestamp(6) NOT NULL)[0m
  [1m[36mprimary::SchemaMigration Create (1.0ms)[0m  [1m[32mINSERT INTO "schema_migrations" ("version") VALUES ($1) RETURNING "version"[0m  [["version", "20191230145140"]]
  [1m[35m (1.4ms)[0m  [1m[35mCOMMIT[0m
  [1m[36mActiveRecord::InternalMetadata Load (2.0ms)[0m  [1m[34mSELECT "ar_internal_metadata".* FROM "ar_internal_metadata" WHERE "ar_internal_metadata"."key" = $1 LIMIT $2[0m  [["key", "environment"], ["LIMIT", 1]]
  [1m[35m (0.3ms)[0m  [1m[35mBEGIN[0m
  [1m[36mActiveRecord::InternalMetadata Create (1.2ms)[0m  [1m[32mINSERT INTO "ar_internal_metadata" ("key", "value", "created_at", "updated_at") VALUES ($1, $2, $3, $4) RETURNING "key"[0m  [["key", "environment"], ["value", "development"], ["created_at", "2019-12-30 14:51:54.597999"], ["updated_at", "2019-12-30 14:51:54.597999"]]
  [1m[35m (1.2ms)[0m  [1m[35mCOMMIT[0m
  [1m[35m (0.3ms)[0m  [1m[34mSELECT pg_advisory_unlock(936558989948330280)[0m
  [1m[35m (1.4ms)[0m  [1m[34mSELECT "schema_migrations"."version" FROM "schema_migrations" ORDER BY "schema_migrations"."version" ASC[0m
  [1m[36mLevel Load (0.7ms)[0m  [1m[34mSELECT "levels".* FROM "levels" LIMIT $1[0m  [["LIMIT", 11]]
  [1m[35m (1.5ms)[0m  [1m[34mSELECT "schema_migrations"."version" FROM "schema_migrations" ORDER BY "schema_migrations"."version" ASC[0m
  [1m[35m (0.2ms)[0m  [1m[35mBEGIN[0m
  [1m[36mLevel Create (1.4ms)[0m  [1m[32mINSERT INTO "levels" ("level", "exp", "created_at", "updated_at") VALUES ($1, $2, $3, $4) RETURNING "id"[0m  [["level", 1], ["exp", 10], ["created_at", "2019-12-30 14:59:15.439788"], ["updated_at", "2019-12-30 14:59:15.439788"]]
  [1m[35m (1.3ms)[0m  [1m[35mCOMMIT[0m
  [1m[35m (0.2ms)[0m  [1m[35mBEGIN[0m
  [1m[36mLevel Create (0.5ms)[0m  [1m[32mINSERT INTO "levels" ("level", "exp", "created_at", "updated_at") VALUES ($1, $2, $3, $4) RETURNING "id"[0m  [["level", 2], ["exp", 20], ["created_at", "2019-12-30 14:59:15.448742"], ["updated_at", "2019-12-30 14:59:15.448742"]]
  [1m[35m (1.0ms)[0m  [1m[35mCOMMIT[0m
  [1m[35m (0.2ms)[0m  [1m[35mBEGIN[0m
  [1m[36mLevel Create (0.5ms)[0m  [1m[32mINSERT INTO "levels" ("level", "exp", "created_at", "updated_at") VALUES ($1, $2, $3, $4) RETURNING "id"[0m  [["level", 3], ["exp", 30], ["created_at", "2019-12-30 14:59:15.455603"], ["updated_at", "2019-12-30 14:59:15.455603"]]
  [1m[35m (1.2ms)[0m  [1m[35mCOMMIT[0m
  [1m[35m (0.2ms)[0m  [1m[35mBEGIN[0m
  [1m[36mLevel Create (0.5ms)[0m  [1m[32mINSERT INTO "levels" ("level", "exp", "created_at", "updated_at") VALUES ($1, $2, $3, $4) RETURNING "id"[0m  [["level", 4], ["exp", 40], ["created_at", "2019-12-30 14:59:15.462755"], ["updated_at", "2019-12-30 14:59:15.462755"]]
  [1m[35m (1.1ms)[0m  [1m[35mCOMMIT[0m
  [1m[35m (0.3ms)[0m  [1m[35mBEGIN[0m
  [1m[36mLevel Create (0.4ms)[0m  [1m[32mINSERT INTO "levels" ("level", "exp", "created_at", "updated_at") VALUES ($1, $2, $3, $4) RETURNING "id"[0m  [["level", 5], ["exp", 50], ["created_at", "2019-12-30 14:59:15.469744"], ["updated_at", "2019-12-30 14:59:15.469744"]]
  [1m[35m (1.0ms)[0m  [1m[35mCOMMIT[0m
  [1m[35m (0.2ms)[0m  [1m[35mBEGIN[0m
  [1m[36mLevel Create (0.4ms)[0m  [1m[32mINSERT INTO "levels" ("level", "exp", "created_at", "updated_at") VALUES ($1, $2, $3, $4) RETURNING "id"[0m  [["level", 6], ["exp", 60], ["created_at", "2019-12-30 14:59:15.475971"], ["updated_at", "2019-12-30 14:59:15.475971"]]
  [1m[35m (1.1ms)[0m  [1m[35mCOMMIT[0m
  [1m[35m (0.1ms)[0m  [1m[35mBEGIN[0m
  [1m[36mLevel Create (0.5ms)[0m  [1m[32mINSERT INTO "levels" ("level", "exp", "created_at", "updated_at") VALUES ($1, $2, $3, $4) RETURNING "id"[0m  [["level", 7], ["exp", 70], ["created_at", "2019-12-30 14:59:15.482220"], ["updated_at", "2019-12-30 14:59:15.482220"]]
  [1m[35m (1.2ms)[0m  [1m[35mCOMMIT[0m
  [1m[35m (0.1ms)[0m  [1m[35mBEGIN[0m
  [1m[36mLevel Create (0.4ms)[0m  [1m[32mINSERT INTO "levels" ("level", "exp", "created_at", "updated_at") VALUES ($1, $2, $3, $4) RETURNING "id"[0m  [["level", 8], ["exp", 80], ["created_at", "2019-12-30 14:59:15.488518"], ["updated_at", "2019-12-30 14:59:15.488518"]]
  [1m[35m (1.2ms)[0m  [1m[35mCOMMIT[0m
  [1m[35m (0.2ms)[0m  [1m[35mBEGIN[0m
  [1m[36mLevel Create (0.5ms)[0m  [1m[32mINSERT INTO "levels" ("level", "exp", "created_at", "updated_at") VALUES ($1, $2, $3, $4) RETURNING "id"[0m  [["level", 9], ["exp", 90], ["created_at", "2019-12-30 14:59:15.494855"], ["updated_at", "2019-12-30 14:59:15.494855"]]
  [1m[35m (1.0ms)[0m  [1m[35mCOMMIT[0m
  [1m[35m (0.2ms)[0m  [1m[35mBEGIN[0m
  [1m[36mLevel Create (1.1ms)[0m  [1m[32mINSERT INTO "levels" ("level", "exp", "created_at", "updated_at") VALUES ($1, $2, $3, $4) RETURNING "id"[0m  [["level", 10], ["exp", 100], ["created_at", "2019-12-30 14:59:15.500744"], ["updated_at", "2019-12-30 14:59:15.500744"]]
  [1m[35m (1.1ms)[0m  [1m[35mCOMMIT[0m
  [1m[35m (0.2ms)[0m  [1m[35mBEGIN[0m
  [1m[36mCharacter Create (0.9ms)[0m  [1m[32mINSERT INTO "characters" ("name", "level", "exp", "created_at", "updated_at") VALUES ($1, $2, $3, $4, $5) RETURNING "id"[0m  [["name", "Imade"], ["level", 1], ["exp", 0], ["created_at", "2019-12-30 14:59:15.525043"], ["updated_at", "2019-12-30 14:59:15.525043"]]
  [1m[35m (1.1ms)[0m  [1m[35mCOMMIT[0m
  [1m[35m (0.1ms)[0m  [1m[35mBEGIN[0m
  [1m[36mCharacter Create (0.5ms)[0m  [1m[32mINSERT INTO "characters" ("name", "level", "exp", "created_at", "updated_at") VALUES ($1, $2, $3, $4, $5) RETURNING "id"[0m  [["name", "FanZhong"], ["level", 1], ["exp", 0], ["created_at", "2019-12-30 14:59:15.532029"], ["updated_at", "2019-12-30 14:59:15.532029"]]
  [1m[35m (1.2ms)[0m  [1m[35mCOMMIT[0m
  [1m[35m (0.2ms)[0m  [1m[35mBEGIN[0m
  [1m[36mCharacter Create (0.4ms)[0m  [1m[32mINSERT INTO "characters" ("name", "level", "exp", "created_at", "updated_at") VALUES ($1, $2, $3, $4, $5) RETURNING "id"[0m  [["name", "Dom"], ["level", 1], ["exp", 0], ["created_at", "2019-12-30 14:59:15.538344"], ["updated_at", "2019-12-30 14:59:15.538344"]]
  [1m[35m (1.0ms)[0m  [1m[35mCOMMIT[0m
  [1m[36mCharacter Load (0.8ms)[0m  [1m[34mSELECT "characters".* FROM "characters" LIMIT $1[0m  [["LIMIT", 11]]
  [1m[36mLevel Load (0.7ms)[0m  [1m[34mSELECT "levels".* FROM "levels" LIMIT $1[0m  [["LIMIT", 11]]
Started GET "/" for ::1 at 2019-12-30 10:06:13 -0500
  [1m[35m (2.4ms)[0m  [1m[34mSELECT "schema_migrations"."version" FROM "schema_migrations" ORDER BY "schema_migrations"."version" ASC[0m
Processing by Rails::WelcomeController#index as HTML
  Rendering /Users/flatironschoolbrooklyn/.rvm/gems/ruby-2.6.1/gems/railties-6.0.2.1/lib/rails/templates/rails/welcome/index.html.erb
  Rendered /Users/flatironschoolbrooklyn/.rvm/gems/ruby-2.6.1/gems/railties-6.0.2.1/lib/rails/templates/rails/welcome/index.html.erb (Duration: 16.0ms | Allocations: 481)
Completed 200 OK in 39ms (Views: 28.4ms | ActiveRecord: 0.0ms | Allocations: 2642)


Started GET "/character" for ::1 at 2019-12-30 10:06:21 -0500
  
ActionController::RoutingError (No route matches [GET] "/character"):
  
actionpack (6.0.2.1) lib/action_dispatch/middleware/debug_exceptions.rb:36:in `call'
actionpack (6.0.2.1) lib/action_dispatch/middleware/show_exceptions.rb:33:in `call'
railties (6.0.2.1) lib/rails/rack/logger.rb:38:in `call_app'
railties (6.0.2.1) lib/rails/rack/logger.rb:26:in `block in call'
activesupport (6.0.2.1) lib/active_support/tagged_logging.rb:80:in `block in tagged'
activesupport (6.0.2.1) lib/active_support/tagged_logging.rb:28:in `tagged'
activesupport (6.0.2.1) lib/active_support/tagged_logging.rb:80:in `tagged'
railties (6.0.2.1) lib/rails/rack/logger.rb:26:in `call'
actionpack (6.0.2.1) lib/action_dispatch/middleware/remote_ip.rb:81:in `call'
actionpack (6.0.2.1) lib/action_dispatch/middleware/request_id.rb:27:in `call'
rack (2.0.8) lib/rack/runtime.rb:22:in `call'
activesupport (6.0.2.1) lib/active_support/cache/strategy/local_cache_middleware.rb:29:in `call'
actionpack (6.0.2.1) lib/action_dispatch/middleware/executor.rb:14:in `call'
actionpack (6.0.2.1) lib/action_dispatch/middleware/static.rb:126:in `call'
rack (2.0.8) lib/rack/sendfile.rb:111:in `call'
actionpack (6.0.2.1) lib/action_dispatch/middleware/host_authorization.rb:83:in `call'
rack-cors (1.1.1) lib/rack/cors.rb:100:in `call'
railties (6.0.2.1) lib/rails/engine.rb:526:in `call'
puma (4.3.1) lib/puma/configuration.rb:228:in `call'
puma (4.3.1) lib/puma/server.rb:681:in `handle_request'
puma (4.3.1) lib/puma/server.rb:472:in `process_client'
puma (4.3.1) lib/puma/server.rb:328:in `block in run'
puma (4.3.1) lib/puma/thread_pool.rb:134:in `block in spawn_thread'
Started GET "/characters" for ::1 at 2019-12-30 10:06:35 -0500
Processing by CharactersController#index as HTML
  [1m[36mCharacter Load (1.7ms)[0m  [1m[34mSELECT "characters".* FROM "characters"[0m
  ↳ app/controllers/characters_controller.rb:5:in `index'
Completed 200 OK in 32ms (Views: 16.2ms | ActiveRecord: 13.5ms | Allocations: 5653)


Started GET "/levels" for ::1 at 2019-12-30 10:06:49 -0500
  
AbstractController::ActionNotFound (The action 'index' could not be found for LevelsController):
  
actionpack (6.0.2.1) lib/abstract_controller/base.rb:131:in `process'
actionpack (6.0.2.1) lib/action_controller/metal.rb:191:in `dispatch'
actionpack (6.0.2.1) lib/action_controller/metal.rb:252:in `dispatch'
actionpack (6.0.2.1) lib/action_dispatch/routing/route_set.rb:51:in `dispatch'
actionpack (6.0.2.1) lib/action_dispatch/routing/route_set.rb:33:in `serve'
actionpack (6.0.2.1) lib/action_dispatch/journey/router.rb:49:in `block in serve'
actionpack (6.0.2.1) lib/action_dispatch/journey/router.rb:32:in `each'
actionpack (6.0.2.1) lib/action_dispatch/journey/router.rb:32:in `serve'
actionpack (6.0.2.1) lib/action_dispatch/routing/route_set.rb:837:in `call'
rack (2.0.8) lib/rack/etag.rb:25:in `call'
rack (2.0.8) lib/rack/conditional_get.rb:25:in `call'
rack (2.0.8) lib/rack/head.rb:12:in `call'
activerecord (6.0.2.1) lib/active_record/migration.rb:567:in `call'
actionpack (6.0.2.1) lib/action_dispatch/middleware/callbacks.rb:27:in `block in call'
activesupport (6.0.2.1) lib/active_support/callbacks.rb:101:in `run_callbacks'
actionpack (6.0.2.1) lib/action_dispatch/middleware/callbacks.rb:26:in `call'
actionpack (6.0.2.1) lib/action_dispatch/middleware/executor.rb:14:in `call'
actionpack (6.0.2.1) lib/action_dispatch/middleware/actionable_exceptions.rb:17:in `call'
actionpack (6.0.2.1) lib/action_dispatch/middleware/debug_exceptions.rb:32:in `call'
actionpack (6.0.2.1) lib/action_dispatch/middleware/show_exceptions.rb:33:in `call'
railties (6.0.2.1) lib/rails/rack/logger.rb:38:in `call_app'
railties (6.0.2.1) lib/rails/rack/logger.rb:26:in `block in call'
activesupport (6.0.2.1) lib/active_support/tagged_logging.rb:80:in `block in tagged'
activesupport (6.0.2.1) lib/active_support/tagged_logging.rb:28:in `tagged'
activesupport (6.0.2.1) lib/active_support/tagged_logging.rb:80:in `tagged'
railties (6.0.2.1) lib/rails/rack/logger.rb:26:in `call'
actionpack (6.0.2.1) lib/action_dispatch/middleware/remote_ip.rb:81:in `call'
actionpack (6.0.2.1) lib/action_dispatch/middleware/request_id.rb:27:in `call'
rack (2.0.8) lib/rack/runtime.rb:22:in `call'
activesupport (6.0.2.1) lib/active_support/cache/strategy/local_cache_middleware.rb:29:in `call'
actionpack (6.0.2.1) lib/action_dispatch/middleware/executor.rb:14:in `call'
actionpack (6.0.2.1) lib/action_dispatch/middleware/static.rb:126:in `call'
rack (2.0.8) lib/rack/sendfile.rb:111:in `call'
actionpack (6.0.2.1) lib/action_dispatch/middleware/host_authorization.rb:83:in `call'
rack-cors (1.1.1) lib/rack/cors.rb:100:in `call'
railties (6.0.2.1) lib/rails/engine.rb:526:in `call'
puma (4.3.1) lib/puma/configuration.rb:228:in `call'
puma (4.3.1) lib/puma/server.rb:681:in `handle_request'
puma (4.3.1) lib/puma/server.rb:472:in `process_client'
puma (4.3.1) lib/puma/server.rb:328:in `block in run'
puma (4.3.1) lib/puma/thread_pool.rb:134:in `block in spawn_thread'
Started GET "/levels" for ::1 at 2019-12-30 10:07:39 -0500
Processing by LevelsController#index as HTML
  [1m[36mLevel Load (0.9ms)[0m  [1m[34mSELECT "levels".* FROM "levels"[0m
  ↳ app/controllers/levels_controller.rb:4:in `index'
Completed 200 OK in 24ms (Views: 11.6ms | ActiveRecord: 10.5ms | Allocations: 5207)


Started GET "/levels/1" for ::1 at 2019-12-30 10:07:44 -0500
Processing by LevelsController#show as HTML
  Parameters: {"id"=>"1"}
  [1m[36mLevel Load (1.1ms)[0m  [1m[34mSELECT "levels".* FROM "levels" WHERE "levels"."id" = $1 LIMIT $2[0m  [["id", 1], ["LIMIT", 1]]
  ↳ app/controllers/levels_controller.rb:8:in `show'
Completed 200 OK in 7ms (Views: 0.5ms | ActiveRecord: 1.4ms | Allocations: 1114)


Started GET "/characters" for ::1 at 2019-12-30 11:05:36 -0500
  [1m[35m (1.5ms)[0m  [1m[34mSELECT "schema_migrations"."version" FROM "schema_migrations" ORDER BY "schema_migrations"."version" ASC[0m
Processing by CharactersController#index as */*
  [1m[36mCharacter Load (1.0ms)[0m  [1m[34mSELECT "characters".* FROM "characters"[0m
  ↳ app/controllers/characters_controller.rb:5:in `index'
Completed 200 OK in 59ms (Views: 42.3ms | ActiveRecord: 11.3ms | Allocations: 5654)


Started GET "/characters" for ::1 at 2019-12-30 11:08:34 -0500
Processing by CharactersController#index as */*
  [1m[36mCharacter Load (4.1ms)[0m  [1m[34mSELECT "characters".* FROM "characters"[0m
  ↳ app/controllers/characters_controller.rb:5:in `index'
Completed 200 OK in 9ms (Views: 4.2ms | ActiveRecord: 4.1ms | Allocations: 1144)


Started GET "/characters" for ::1 at 2019-12-30 11:09:58 -0500
Processing by CharactersController#index as */*
  [1m[36mCharacter Load (0.9ms)[0m  [1m[34mSELECT "characters".* FROM "characters"[0m
  ↳ app/controllers/characters_controller.rb:5:in `index'
Completed 200 OK in 4ms (Views: 3.1ms | ActiveRecord: 0.9ms | Allocations: 1144)


Started GET "/characters" for ::1 at 2019-12-30 11:10:07 -0500
Processing by CharactersController#index as */*
  [1m[36mCharacter Load (0.6ms)[0m  [1m[34mSELECT "characters".* FROM "characters"[0m
  ↳ app/controllers/characters_controller.rb:5:in `index'
Completed 200 OK in 4ms (Views: 3.5ms | ActiveRecord: 0.6ms | Allocations: 1144)


Started GET "/characters" for ::1 at 2019-12-30 11:11:46 -0500
Processing by CharactersController#index as */*
  [1m[36mCharacter Load (2.7ms)[0m  [1m[34mSELECT "characters".* FROM "characters"[0m
  ↳ app/controllers/characters_controller.rb:5:in `index'
Completed 200 OK in 7ms (Views: 3.8ms | ActiveRecord: 2.7ms | Allocations: 1144)


Started GET "/characters" for ::1 at 2019-12-30 14:01:15 -0500
Processing by CharactersController#index as */*
  [1m[36mCharacter Load (1.5ms)[0m  [1m[34mSELECT "characters".* FROM "characters"[0m
  ↳ app/controllers/characters_controller.rb:5:in `index'
Completed 200 OK in 6ms (Views: 4.6ms | ActiveRecord: 1.5ms | Allocations: 1199)


Started GET "/characters" for ::1 at 2019-12-30 14:08:16 -0500
Processing by CharactersController#index as */*
  [1m[36mCharacter Load (1.5ms)[0m  [1m[34mSELECT "characters".* FROM "characters"[0m
  ↳ app/controllers/characters_controller.rb:5:in `index'
Completed 200 OK in 5ms (Views: 3.6ms | ActiveRecord: 1.5ms | Allocations: 1199)


Started GET "/characters" for ::1 at 2019-12-30 14:09:09 -0500
Processing by CharactersController#index as */*
  [1m[36mCharacter Load (0.5ms)[0m  [1m[34mSELECT "characters".* FROM "characters"[0m
  ↳ app/controllers/characters_controller.rb:5:in `index'
Completed 200 OK in 4ms (Views: 3.4ms | ActiveRecord: 0.5ms | Allocations: 1126)


Started GET "/characters" for ::1 at 2019-12-30 15:12:04 -0500
Processing by CharactersController#index as */*
  [1m[36mCharacter Load (1.6ms)[0m  [1m[34mSELECT "characters".* FROM "characters"[0m
  ↳ app/controllers/characters_controller.rb:5:in `index'
Completed 200 OK in 5ms (Views: 3.0ms | ActiveRecord: 1.6ms | Allocations: 1199)


Started GET "/characters" for ::1 at 2019-12-30 15:12:09 -0500
Processing by CharactersController#index as */*
  [1m[36mCharacter Load (1.3ms)[0m  [1m[34mSELECT "characters".* FROM "characters"[0m
  ↳ app/controllers/characters_controller.rb:5:in `index'
Completed 200 OK in 4ms (Views: 2.1ms | ActiveRecord: 1.3ms | Allocations: 1126)


Started GET "/characters" for ::1 at 2019-12-30 15:12:16 -0500
Processing by CharactersController#index as */*
  [1m[36mCharacter Load (1.1ms)[0m  [1m[34mSELECT "characters".* FROM "characters"[0m
  ↳ app/controllers/characters_controller.rb:5:in `index'
Completed 200 OK in 6ms (Views: 4.3ms | ActiveRecord: 1.1ms | Allocations: 1127)


Started GET "/characters" for ::1 at 2020-01-01 14:56:33 -0500
  [1m[35m (3.2ms)[0m  [1m[34mSELECT "schema_migrations"."version" FROM "schema_migrations" ORDER BY "schema_migrations"."version" ASC[0m
Processing by CharactersController#index as */*
  [1m[36mCharacter Load (2.8ms)[0m  [1m[34mSELECT "characters".* FROM "characters"[0m
  ↳ app/controllers/characters_controller.rb:5:in `index'
Completed 200 OK in 65ms (Views: 41.4ms | ActiveRecord: 20.6ms | Allocations: 5608)


Started GET "/characters" for ::1 at 2020-01-01 14:57:15 -0500
Processing by CharactersController#index as */*
  [1m[36mCharacter Load (2.5ms)[0m  [1m[34mSELECT "characters".* FROM "characters"[0m
  ↳ app/controllers/characters_controller.rb:5:in `index'
Completed 200 OK in 8ms (Views: 4.8ms | ActiveRecord: 2.5ms | Allocations: 1144)


Started GET "/characters" for ::1 at 2020-01-01 14:57:37 -0500
Processing by CharactersController#index as */*
  [1m[36mCharacter Load (0.7ms)[0m  [1m[34mSELECT "characters".* FROM "characters"[0m
  ↳ app/controllers/characters_controller.rb:5:in `index'
Completed 200 OK in 4ms (Views: 2.9ms | ActiveRecord: 0.7ms | Allocations: 1144)


  [1m[36mCharacter Load (0.9ms)[0m  [1m[34mSELECT "characters".* FROM "characters" LIMIT $1[0m  [["LIMIT", 11]]
  [1m[36mLevel Load (2.3ms)[0m  [1m[34mSELECT "levels".* FROM "levels" LIMIT $1[0m  [["LIMIT", 11]]
Started GET "/characters" for ::1 at 2020-01-02 01:16:46 -0500
  [1m[35m (3.0ms)[0m  [1m[34mSELECT "schema_migrations"."version" FROM "schema_migrations" ORDER BY "schema_migrations"."version" ASC[0m
Processing by CharactersController#index as */*
  [1m[36mCharacter Load (3.0ms)[0m  [1m[34mSELECT "characters".* FROM "characters"[0m
  ↳ app/controllers/characters_controller.rb:5:in `index'
Completed 200 OK in 91ms (Views: 56.1ms | ActiveRecord: 30.1ms | Allocations: 5608)


Started GET "/characters/1" for ::1 at 2020-01-02 01:17:17 -0500
Processing by CharactersController#show as HTML
  Parameters: {"id"=>"1"}
  [1m[36mCharacter Load (0.9ms)[0m  [1m[34mSELECT "characters".* FROM "characters" WHERE "characters"."id" = $1 LIMIT $2[0m  [["id", 1], ["LIMIT", 1]]
  ↳ app/controllers/characters_controller.rb:13:in `show'
Completed 200 OK in 22ms (Views: 0.6ms | ActiveRecord: 1.3ms | Allocations: 2737)


Started GET "/characters" for ::1 at 2020-01-02 01:18:51 -0500
Processing by CharactersController#index as */*
  [1m[36mCharacter Load (0.6ms)[0m  [1m[34mSELECT "characters".* FROM "characters"[0m
  ↳ app/controllers/characters_controller.rb:5:in `index'
Completed 200 OK in 4ms (Views: 3.2ms | ActiveRecord: 0.6ms | Allocations: 1144)


Started GET "/characters" for ::1 at 2020-01-02 01:19:55 -0500
Processing by CharactersController#index as */*
  [1m[36mCharacter Load (0.4ms)[0m  [1m[34mSELECT "characters".* FROM "characters"[0m
  ↳ app/controllers/characters_controller.rb:5:in `index'
Completed 200 OK in 2ms (Views: 1.8ms | ActiveRecord: 0.4ms | Allocations: 1144)


Started GET "/beers/1" for ::1 at 2020-01-02 01:20:11 -0500
  
ActionController::RoutingError (No route matches [GET] "/beers/1"):
  
actionpack (6.0.2.1) lib/action_dispatch/middleware/debug_exceptions.rb:36:in `call'
actionpack (6.0.2.1) lib/action_dispatch/middleware/show_exceptions.rb:33:in `call'
railties (6.0.2.1) lib/rails/rack/logger.rb:38:in `call_app'
railties (6.0.2.1) lib/rails/rack/logger.rb:26:in `block in call'
activesupport (6.0.2.1) lib/active_support/tagged_logging.rb:80:in `block in tagged'
activesupport (6.0.2.1) lib/active_support/tagged_logging.rb:28:in `tagged'
activesupport (6.0.2.1) lib/active_support/tagged_logging.rb:80:in `tagged'
railties (6.0.2.1) lib/rails/rack/logger.rb:26:in `call'
actionpack (6.0.2.1) lib/action_dispatch/middleware/remote_ip.rb:81:in `call'
actionpack (6.0.2.1) lib/action_dispatch/middleware/request_id.rb:27:in `call'
rack (2.0.8) lib/rack/runtime.rb:22:in `call'
activesupport (6.0.2.1) lib/active_support/cache/strategy/local_cache_middleware.rb:29:in `call'
actionpack (6.0.2.1) lib/action_dispatch/middleware/executor.rb:14:in `call'
actionpack (6.0.2.1) lib/action_dispatch/middleware/static.rb:126:in `call'
rack (2.0.8) lib/rack/sendfile.rb:111:in `call'
actionpack (6.0.2.1) lib/action_dispatch/middleware/host_authorization.rb:83:in `call'
rack-cors (1.1.1) lib/rack/cors.rb:100:in `call'
railties (6.0.2.1) lib/rails/engine.rb:526:in `call'
puma (4.3.1) lib/puma/configuration.rb:228:in `call'
puma (4.3.1) lib/puma/server.rb:681:in `handle_request'
puma (4.3.1) lib/puma/server.rb:472:in `process_client'
puma (4.3.1) lib/puma/server.rb:328:in `block in run'
puma (4.3.1) lib/puma/thread_pool.rb:134:in `block in spawn_thread'
Started GET "/character/1" for ::1 at 2020-01-02 01:20:30 -0500
  
ActionController::RoutingError (No route matches [GET] "/character/1"):
  
actionpack (6.0.2.1) lib/action_dispatch/middleware/debug_exceptions.rb:36:in `call'
actionpack (6.0.2.1) lib/action_dispatch/middleware/show_exceptions.rb:33:in `call'
railties (6.0.2.1) lib/rails/rack/logger.rb:38:in `call_app'
railties (6.0.2.1) lib/rails/rack/logger.rb:26:in `block in call'
activesupport (6.0.2.1) lib/active_support/tagged_logging.rb:80:in `block in tagged'
activesupport (6.0.2.1) lib/active_support/tagged_logging.rb:28:in `tagged'
activesupport (6.0.2.1) lib/active_support/tagged_logging.rb:80:in `tagged'
railties (6.0.2.1) lib/rails/rack/logger.rb:26:in `call'
actionpack (6.0.2.1) lib/action_dispatch/middleware/remote_ip.rb:81:in `call'
actionpack (6.0.2.1) lib/action_dispatch/middleware/request_id.rb:27:in `call'
rack (2.0.8) lib/rack/runtime.rb:22:in `call'
activesupport (6.0.2.1) lib/active_support/cache/strategy/local_cache_middleware.rb:29:in `call'
actionpack (6.0.2.1) lib/action_dispatch/middleware/executor.rb:14:in `call'
actionpack (6.0.2.1) lib/action_dispatch/middleware/static.rb:126:in `call'
rack (2.0.8) lib/rack/sendfile.rb:111:in `call'
actionpack (6.0.2.1) lib/action_dispatch/middleware/host_authorization.rb:83:in `call'
rack-cors (1.1.1) lib/rack/cors.rb:100:in `call'
railties (6.0.2.1) lib/rails/engine.rb:526:in `call'
puma (4.3.1) lib/puma/configuration.rb:228:in `call'
puma (4.3.1) lib/puma/server.rb:681:in `handle_request'
puma (4.3.1) lib/puma/server.rb:472:in `process_client'
puma (4.3.1) lib/puma/server.rb:328:in `block in run'
puma (4.3.1) lib/puma/thread_pool.rb:134:in `block in spawn_thread'
Started GET "/characters" for ::1 at 2020-01-02 01:20:40 -0500
Processing by CharactersController#index as */*
  [1m[36mCharacter Load (0.7ms)[0m  [1m[34mSELECT "characters".* FROM "characters"[0m
  ↳ app/controllers/characters_controller.rb:5:in `index'
Completed 200 OK in 5ms (Views: 4.1ms | ActiveRecord: 0.7ms | Allocations: 1160)


Started GET "/characters/1" for ::1 at 2020-01-02 01:20:49 -0500
Processing by CharactersController#show as */*
  Parameters: {"id"=>"1"}
  [1m[36mCharacter Load (0.9ms)[0m  [1m[34mSELECT "characters".* FROM "characters" WHERE "characters"."id" = $1 LIMIT $2[0m  [["id", 1], ["LIMIT", 1]]
  ↳ app/controllers/characters_controller.rb:13:in `show'
Completed 200 OK in 3ms (Views: 0.4ms | ActiveRecord: 0.9ms | Allocations: 700)


Started GET "/characters/1" for ::1 at 2020-01-02 01:23:49 -0500
Processing by CharactersController#show as HTML
  Parameters: {"id"=>"1"}
  [1m[36mCharacter Load (0.5ms)[0m  [1m[34mSELECT "characters".* FROM "characters" WHERE "characters"."id" = $1 LIMIT $2[0m  [["id", 1], ["LIMIT", 1]]
  ↳ app/controllers/characters_controller.rb:13:in `show'
Completed 200 OK in 3ms (Views: 0.4ms | ActiveRecord: 0.5ms | Allocations: 689)


Started GET "/levels" for ::1 at 2020-01-02 01:23:52 -0500
Processing by LevelsController#index as HTML
  [1m[36mLevel Load (1.1ms)[0m  [1m[34mSELECT "levels".* FROM "levels"[0m
  ↳ app/controllers/levels_controller.rb:4:in `index'
Completed 200 OK in 43ms (Views: 32.6ms | ActiveRecord: 8.3ms | Allocations: 5042)


Started GET "/levels/1" for ::1 at 2020-01-02 01:23:56 -0500
Processing by LevelsController#show as HTML
  Parameters: {"id"=>"1"}
  [1m[36mLevel Load (0.4ms)[0m  [1m[34mSELECT "levels".* FROM "levels" WHERE "levels"."id" = $1 LIMIT $2[0m  [["id", 1], ["LIMIT", 1]]
  ↳ app/controllers/levels_controller.rb:8:in `show'
Completed 200 OK in 4ms (Views: 0.5ms | ActiveRecord: 0.4ms | Allocations: 784)


Started GET "/levels" for ::1 at 2020-01-02 01:24:09 -0500
Processing by LevelsController#index as HTML
  [1m[36mLevel Load (0.7ms)[0m  [1m[34mSELECT "levels".* FROM "levels"[0m
  ↳ app/controllers/levels_controller.rb:4:in `index'
Completed 200 OK in 5ms (Views: 4.1ms | ActiveRecord: 0.7ms | Allocations: 1792)


Started GET "/levels" for ::1 at 2020-01-02 01:24:19 -0500
Processing by LevelsController#index as HTML
  [1m[36mLevel Load (0.5ms)[0m  [1m[34mSELECT "levels".* FROM "levels"[0m
  ↳ app/controllers/levels_controller.rb:4:in `index'
Completed 200 OK in 4ms (Views: 3.4ms | ActiveRecord: 0.5ms | Allocations: 1792)


Started GET "/characters" for ::1 at 2020-01-02 01:27:05 -0500
Processing by CharactersController#index as */*
  [1m[36mCharacter Load (0.7ms)[0m  [1m[34mSELECT "characters".* FROM "characters"[0m
Started GET "/levels" for ::1 at 2020-01-02 01:27:05 -0500
  ↳ app/controllers/characters_controller.rb:5:in `index'
Completed 200 OK in 5ms (Views: 3.6ms | ActiveRecord: 0.7ms | Allocations: 1465)


Processing by LevelsController#index as */*
  [1m[36mLevel Load (0.8ms)[0m  [1m[34mSELECT "levels".* FROM "levels"[0m
  ↳ app/controllers/levels_controller.rb:4:in `index'
Completed 200 OK in 6ms (Views: 4.7ms | ActiveRecord: 0.8ms | Allocations: 1794)


Started GET "/characters" for ::1 at 2020-01-02 01:32:24 -0500
Started GET "/levels" for ::1 at 2020-01-02 01:32:24 -0500
Processing by LevelsController#index as */*
  [1m[36mLevel Load (1.3ms)[0m  [1m[34mSELECT "levels".* FROM "levels"[0m
  ↳ app/controllers/levels_controller.rb:4:in `index'
Completed 200 OK in 6ms (Views: 4.5ms | ActiveRecord: 1.3ms | Allocations: 1794)


Processing by CharactersController#index as */*
  [1m[36mCharacter Load (1.1ms)[0m  [1m[34mSELECT "characters".* FROM "characters"[0m
  ↳ app/controllers/characters_controller.rb:5:in `index'
Completed 200 OK in 4ms (Views: 3.0ms | ActiveRecord: 1.1ms | Allocations: 1199)


Started GET "/characters/1" for ::1 at 2020-01-02 01:32:27 -0500
Processing by CharactersController#show as */*
  Parameters: {"id"=>"1"}
  [1m[36mCharacter Load (1.4ms)[0m  [1m[34mSELECT "characters".* FROM "characters" WHERE "characters"."id" = $1 LIMIT $2[0m  [["id", 1], ["LIMIT", 1]]
  ↳ app/controllers/characters_controller.rb:13:in `show'
Completed 200 OK in 6ms (Views: 0.5ms | ActiveRecord: 2.3ms | Allocations: 718)


Started GET "/characters/1" for ::1 at 2020-01-02 01:32:46 -0500
Processing by CharactersController#show as HTML
  Parameters: {"id"=>"1"}
  [1m[36mCharacter Load (0.5ms)[0m  [1m[34mSELECT "characters".* FROM "characters" WHERE "characters"."id" = $1 LIMIT $2[0m  [["id", 1], ["LIMIT", 1]]
  ↳ app/controllers/characters_controller.rb:13:in `show'
Completed 200 OK in 3ms (Views: 0.4ms | ActiveRecord: 0.5ms | Allocations: 689)


Started GET "/levels" for ::1 at 2020-01-02 01:32:55 -0500
Started GET "/characters" for ::1 at 2020-01-02 01:32:55 -0500
Processing by LevelsController#index as */*
Processing by CharactersController#index as */*
  [1m[36mLevel Load (3.9ms)[0m  [1m[34mSELECT "levels".* FROM "levels"[0m
  ↳ app/controllers/levels_controller.rb:4:in `index'
Completed 200 OK in 10ms (Views: 5.6ms | ActiveRecord: 3.9ms | Allocations: 2160)


  [1m[36mCharacter Load (11.6ms)[0m  [1m[34mSELECT "characters".* FROM "characters"[0m
  ↳ app/controllers/characters_controller.rb:5:in `index'
Completed 200 OK in 15ms (Views: 3.3ms | ActiveRecord: 11.6ms | Allocations: 3000)


Started GET "/characters/1" for ::1 at 2020-01-02 01:33:00 -0500
Processing by CharactersController#show as */*
  Parameters: {"id"=>"1"}
  [1m[36mCharacter Load (0.8ms)[0m  [1m[34mSELECT "characters".* FROM "characters" WHERE "characters"."id" = $1 LIMIT $2[0m  [["id", 1], ["LIMIT", 1]]
  ↳ app/controllers/characters_controller.rb:13:in `show'
Completed 200 OK in 5ms (Views: 0.4ms | ActiveRecord: 0.8ms | Allocations: 691)


Started GET "/characters/2" for ::1 at 2020-01-02 01:33:11 -0500
Processing by CharactersController#show as */*
  Parameters: {"id"=>"2"}
  [1m[36mCharacter Load (1.2ms)[0m  [1m[34mSELECT "characters".* FROM "characters" WHERE "characters"."id" = $1 LIMIT $2[0m  [["id", 2], ["LIMIT", 1]]
  ↳ app/controllers/characters_controller.rb:13:in `show'
Completed 200 OK in 5ms (Views: 1.0ms | ActiveRecord: 1.2ms | Allocations: 691)


Started GET "/characters/33" for ::1 at 2020-01-02 01:33:17 -0500
Processing by CharactersController#show as */*
  Parameters: {"id"=>"33"}
  [1m[36mCharacter Load (0.5ms)[0m  [1m[34mSELECT "characters".* FROM "characters" WHERE "characters"."id" = $1 LIMIT $2[0m  [["id", 33], ["LIMIT", 1]]
  ↳ app/controllers/characters_controller.rb:13:in `show'
Completed 404 Not Found in 3ms (ActiveRecord: 0.5ms | Allocations: 603)


  
ActiveRecord::RecordNotFound (Couldn't find Character with 'id'=33):
  
app/controllers/characters_controller.rb:13:in `show'
Started GET "/characters" for ::1 at 2020-01-02 01:33:41 -0500
Processing by CharactersController#index as */*
Started GET "/levels" for ::1 at 2020-01-02 01:33:41 -0500
  [1m[36mCharacter Load (1.8ms)[0m  [1m[34mSELECT "characters".* FROM "characters"[0m
  ↳ app/controllers/characters_controller.rb:5:in `index'
Completed 200 OK in 4ms (Views: 2.5ms | ActiveRecord: 1.8ms | Allocations: 1474)


Processing by LevelsController#index as */*
  [1m[36mLevel Load (0.6ms)[0m  [1m[34mSELECT "levels".* FROM "levels"[0m
  ↳ app/controllers/levels_controller.rb:4:in `index'
Completed 200 OK in 6ms (Views: 4.6ms | ActiveRecord: 0.6ms | Allocations: 1794)


Started GET "/characters/3" for ::1 at 2020-01-02 01:33:44 -0500
Processing by CharactersController#show as */*
  Parameters: {"id"=>"3"}
  [1m[36mCharacter Load (1.4ms)[0m  [1m[34mSELECT "characters".* FROM "characters" WHERE "characters"."id" = $1 LIMIT $2[0m  [["id", 3], ["LIMIT", 1]]
  ↳ app/controllers/characters_controller.rb:13:in `show'
Completed 200 OK in 23ms (Views: 0.5ms | ActiveRecord: 1.4ms | Allocations: 694)


Started GET "/characters/4" for ::1 at 2020-01-02 01:33:49 -0500
Processing by CharactersController#show as */*
  Parameters: {"id"=>"4"}
  [1m[36mCharacter Load (0.7ms)[0m  [1m[34mSELECT "characters".* FROM "characters" WHERE "characters"."id" = $1 LIMIT $2[0m  [["id", 4], ["LIMIT", 1]]
  ↳ app/controllers/characters_controller.rb:13:in `show'
Completed 404 Not Found in 4ms (ActiveRecord: 0.7ms | Allocations: 598)


  
ActiveRecord::RecordNotFound (Couldn't find Character with 'id'=4):
  
app/controllers/characters_controller.rb:13:in `show'
Started GET "/levels" for ::1 at 2020-01-02 01:34:02 -0500
Started GET "/characters" for ::1 at 2020-01-02 01:34:02 -0500
Processing by LevelsController#index as */*
Processing by CharactersController#index as */*
  [1m[36mLevel Load (3.5ms)[0m  [1m[34mSELECT "levels".* FROM "levels"[0m
  ↳ app/controllers/levels_controller.rb:4:in `index'
  [1m[36mCharacter Load (1.9ms)[0m  [1m[34mSELECT "characters".* FROM "characters"[0m
Completed 200 OK in 10ms (Views: 5.9ms | ActiveRecord: 3.5ms | Allocations: 2176)


  ↳ app/controllers/characters_controller.rb:5:in `index'
Completed 200 OK in 10ms (Views: 8.1ms | ActiveRecord: 1.9ms | Allocations: 3022)


Started GET "/characters/1" for ::1 at 2020-01-02 01:34:06 -0500
Processing by CharactersController#show as */*
  Parameters: {"id"=>"1"}
  [1m[36mCharacter Load (0.9ms)[0m  [1m[34mSELECT "characters".* FROM "characters" WHERE "characters"."id" = $1 LIMIT $2[0m  [["id", 1], ["LIMIT", 1]]
  ↳ app/controllers/characters_controller.rb:13:in `show'
Completed 200 OK in 5ms (Views: 1.0ms | ActiveRecord: 0.9ms | Allocations: 691)


Started GET "/characters/4" for ::1 at 2020-01-02 01:34:13 -0500
Processing by CharactersController#show as */*
  Parameters: {"id"=>"4"}
  [1m[36mCharacter Load (0.9ms)[0m  [1m[34mSELECT "characters".* FROM "characters" WHERE "characters"."id" = $1 LIMIT $2[0m  [["id", 4], ["LIMIT", 1]]
  ↳ app/controllers/characters_controller.rb:13:in `show'
Completed 404 Not Found in 4ms (ActiveRecord: 0.9ms | Allocations: 598)


  
ActiveRecord::RecordNotFound (Couldn't find Character with 'id'=4):
  
app/controllers/characters_controller.rb:13:in `show'
Started GET "/characters" for ::1 at 2020-01-02 01:34:41 -0500
Processing by CharactersController#index as */*
  [1m[36mCharacter Load (0.6ms)[0m  [1m[34mSELECT "characters".* FROM "characters"[0m
  ↳ app/controllers/characters_controller.rb:5:in `index'
Completed 200 OK in 4ms (Views: 3.1ms | ActiveRecord: 0.6ms | Allocations: 1125)


Started GET "/levels" for ::1 at 2020-01-02 01:34:41 -0500
Processing by LevelsController#index as */*
  [1m[36mLevel Load (0.6ms)[0m  [1m[34mSELECT "levels".* FROM "levels"[0m
  ↳ app/controllers/levels_controller.rb:4:in `index'
Completed 200 OK in 7ms (Views: 5.3ms | ActiveRecord: 0.6ms | Allocations: 1795)


Started GET "/characters/4" for ::1 at 2020-01-02 01:34:45 -0500
Processing by CharactersController#show as */*
  Parameters: {"id"=>"4"}
  [1m[36mCharacter Load (0.7ms)[0m  [1m[34mSELECT "characters".* FROM "characters" WHERE "characters"."id" = $1 LIMIT $2[0m  [["id", 4], ["LIMIT", 1]]
  ↳ app/controllers/characters_controller.rb:13:in `show'
Completed 404 Not Found in 4ms (ActiveRecord: 0.7ms | Allocations: 598)


  
ActiveRecord::RecordNotFound (Couldn't find Character with 'id'=4):
  
app/controllers/characters_controller.rb:13:in `show'
Started GET "/characters/111" for ::1 at 2020-01-02 01:34:51 -0500
Processing by CharactersController#show as */*
  Parameters: {"id"=>"111"}
  [1m[36mCharacter Load (2.1ms)[0m  [1m[34mSELECT "characters".* FROM "characters" WHERE "characters"."id" = $1 LIMIT $2[0m  [["id", 111], ["LIMIT", 1]]
  ↳ app/controllers/characters_controller.rb:13:in `show'
Completed 404 Not Found in 4ms (ActiveRecord: 2.1ms | Allocations: 597)


  
ActiveRecord::RecordNotFound (Couldn't find Character with 'id'=111):
  
app/controllers/characters_controller.rb:13:in `show'
Started GET "/characters/1" for ::1 at 2020-01-02 01:34:56 -0500
Processing by CharactersController#show as */*
  Parameters: {"id"=>"1"}
  [1m[36mCharacter Load (0.3ms)[0m  [1m[34mSELECT "characters".* FROM "characters" WHERE "characters"."id" = $1 LIMIT $2[0m  [["id", 1], ["LIMIT", 1]]
  ↳ app/controllers/characters_controller.rb:13:in `show'
Completed 200 OK in 3ms (Views: 0.5ms | ActiveRecord: 0.3ms | Allocations: 690)


Started GET "/characters" for ::1 at 2020-01-02 01:35:53 -0500
Started GET "/levels" for ::1 at 2020-01-02 01:35:53 -0500
Processing by CharactersController#index as */*
Processing by LevelsController#index as */*
  [1m[36mCharacter Load (2.6ms)[0m  [1m[34mSELECT "characters".* FROM "characters"[0m
  ↳ app/controllers/characters_controller.rb:5:in `index'
  [1m[36mLevel Load (5.1ms)[0m  [1m[34mSELECT "levels".* FROM "levels"[0m
  ↳ app/controllers/levels_controller.rb:4:in `index'
Completed 200 OK in 9ms (Views: 6.0ms | ActiveRecord: 2.6ms | Allocations: 1245)


Completed 200 OK in 13ms (Views: 7.0ms | ActiveRecord: 5.1ms | Allocations: 2866)


Started GET "/characters/1231" for ::1 at 2020-01-02 01:35:56 -0500
Processing by CharactersController#show as */*
  Parameters: {"id"=>"1231"}
  [1m[36mCharacter Load (0.3ms)[0m  [1m[34mSELECT "characters".* FROM "characters" WHERE "characters"."id" = $1 LIMIT $2[0m  [["id", 1231], ["LIMIT", 1]]
  ↳ app/controllers/characters_controller.rb:13:in `show'
Completed 404 Not Found in 2ms (ActiveRecord: 0.3ms | Allocations: 598)


  
ActiveRecord::RecordNotFound (Couldn't find Character with 'id'=1231):
  
app/controllers/characters_controller.rb:13:in `show'
Started GET "/characters/1" for ::1 at 2020-01-02 01:36:02 -0500
Processing by CharactersController#show as */*
  Parameters: {"id"=>"1"}
  [1m[36mCharacter Load (0.5ms)[0m  [1m[34mSELECT "characters".* FROM "characters" WHERE "characters"."id" = $1 LIMIT $2[0m  [["id", 1], ["LIMIT", 1]]
  ↳ app/controllers/characters_controller.rb:13:in `show'
Completed 200 OK in 4ms (Views: 0.5ms | ActiveRecord: 0.5ms | Allocations: 690)


Started GET "/characters" for ::1 at 2020-01-02 01:36:05 -0500
Started GET "/levels" for ::1 at 2020-01-02 01:36:05 -0500
Processing by CharactersController#index as */*
Processing by LevelsController#index as */*
  [1m[36mLevel Load (0.5ms)[0m  [1m[34mSELECT "levels".* FROM "levels"[0m
  ↳ app/controllers/levels_controller.rb:4:in `index'
Completed 200 OK in 5ms (Views: 4.2ms | ActiveRecord: 0.5ms | Allocations: 1794)


  [1m[36mCharacter Load (10.4ms)[0m  [1m[34mSELECT "characters".* FROM "characters"[0m
  ↳ app/controllers/characters_controller.rb:5:in `index'
Completed 200 OK in 14ms (Views: 2.8ms | ActiveRecord: 10.4ms | Allocations: 3417)


Started GET "/characters" for ::1 at 2020-01-02 01:37:35 -0500
Started GET "/levels" for ::1 at 2020-01-02 01:37:35 -0500
Processing by CharactersController#index as */*
  [1m[36mCharacter Load (0.7ms)[0m  [1m[34mSELECT "characters".* FROM "characters"[0m
  ↳ app/controllers/characters_controller.rb:5:in `index'
Completed 200 OK in 31ms (Views: 12.6ms | ActiveRecord: 16.0ms | Allocations: 5198)


Processing by LevelsController#index as */*
  [1m[36mLevel Load (0.5ms)[0m  [1m[34mSELECT "levels".* FROM "levels"[0m
  ↳ app/controllers/levels_controller.rb:4:in `index'
Completed 200 OK in 24ms (Views: 11.0ms | ActiveRecord: 10.8ms | Allocations: 5166)


Started GET "/levels" for ::1 at 2020-01-02 01:37:42 -0500
Started GET "/characters" for ::1 at 2020-01-02 01:37:42 -0500
Processing by LevelsController#index as */*
Processing by CharactersController#index as */*
  [1m[36mLevel Load (8.2ms)[0m  [1m[34mSELECT "levels".* FROM "levels"[0m
  ↳ app/controllers/levels_controller.rb:4:in `index'
Completed 200 OK in 13ms (Views: 4.9ms | ActiveRecord: 8.2ms | Allocations: 2541)


  [1m[36mCharacter Load (7.6ms)[0m  [1m[34mSELECT "characters".* FROM "characters"[0m
  ↳ app/controllers/characters_controller.rb:5:in `index'
Completed 200 OK in 78ms (Views: 55.7ms | ActiveRecord: 21.3ms | Allocations: 6795)


Started GET "/characters/1" for ::1 at 2020-01-02 01:37:47 -0500
Processing by CharactersController#show as */*
  Parameters: {"id"=>"1"}
  [1m[36mCharacter Load (1.6ms)[0m  [1m[34mSELECT "characters".* FROM "characters" WHERE "characters"."id" = $1 LIMIT $2[0m  [["id", 1], ["LIMIT", 1]]
  ↳ app/controllers/characters_controller.rb:13:in `show'
Completed 200 OK in 6ms (Views: 0.5ms | ActiveRecord: 1.6ms | Allocations: 793)


Started GET "/levels" for ::1 at 2020-01-02 01:40:50 -0500
  [1m[35m (1.5ms)[0m  [1m[34mSELECT "schema_migrations"."version" FROM "schema_migrations" ORDER BY "schema_migrations"."version" ASC[0m
Processing by LevelsController#index as */*
  [1m[36mLevel Load (1.0ms)[0m  [1m[34mSELECT "levels".* FROM "levels"[0m
  ↳ app/controllers/levels_controller.rb:4:in `index'
Completed 200 OK in 74ms (Views: 58.5ms | ActiveRecord: 12.9ms | Allocations: 5613)


Started GET "/characters/1" for ::1 at 2020-01-02 01:40:53 -0500
Processing by CharactersController#show as */*
  Parameters: {"id"=>"1"}
  [1m[36mCharacter Load (0.8ms)[0m  [1m[34mSELECT "characters".* FROM "characters" WHERE "characters"."id" = $1 LIMIT $2[0m  [["id", 1], ["LIMIT", 1]]
  ↳ app/controllers/characters_controller.rb:13:in `show'
Completed 200 OK in 23ms (Views: 0.5ms | ActiveRecord: 9.8ms | Allocations: 4971)


Started GET "/levels" for ::1 at 2020-01-02 01:42:00 -0500
Processing by LevelsController#index as */*
  [1m[36mLevel Load (0.8ms)[0m  [1m[34mSELECT "levels".* FROM "levels"[0m
  ↳ app/controllers/levels_controller.rb:4:in `index'
Completed 200 OK in 4ms (Views: 3.2ms | ActiveRecord: 0.8ms | Allocations: 1812)


Started GET "/characters/1" for ::1 at 2020-01-02 01:42:03 -0500
Processing by CharactersController#show as */*
  Parameters: {"id"=>"1"}
  [1m[36mCharacter Load (1.3ms)[0m  [1m[34mSELECT "characters".* FROM "characters" WHERE "characters"."id" = $1 LIMIT $2[0m  [["id", 1], ["LIMIT", 1]]
  ↳ app/controllers/characters_controller.rb:13:in `show'
Completed 200 OK in 4ms (Views: 0.5ms | ActiveRecord: 1.3ms | Allocations: 707)


Started GET "/character" for ::1 at 2020-01-02 01:44:18 -0500
  
ActionController::RoutingError (No route matches [GET] "/character"):
  
actionpack (6.0.2.1) lib/action_dispatch/middleware/debug_exceptions.rb:36:in `call'
actionpack (6.0.2.1) lib/action_dispatch/middleware/show_exceptions.rb:33:in `call'
railties (6.0.2.1) lib/rails/rack/logger.rb:38:in `call_app'
railties (6.0.2.1) lib/rails/rack/logger.rb:26:in `block in call'
activesupport (6.0.2.1) lib/active_support/tagged_logging.rb:80:in `block in tagged'
activesupport (6.0.2.1) lib/active_support/tagged_logging.rb:28:in `tagged'
activesupport (6.0.2.1) lib/active_support/tagged_logging.rb:80:in `tagged'
railties (6.0.2.1) lib/rails/rack/logger.rb:26:in `call'
actionpack (6.0.2.1) lib/action_dispatch/middleware/remote_ip.rb:81:in `call'
actionpack (6.0.2.1) lib/action_dispatch/middleware/request_id.rb:27:in `call'
rack (2.0.8) lib/rack/runtime.rb:22:in `call'
activesupport (6.0.2.1) lib/active_support/cache/strategy/local_cache_middleware.rb:29:in `call'
actionpack (6.0.2.1) lib/action_dispatch/middleware/executor.rb:14:in `call'
actionpack (6.0.2.1) lib/action_dispatch/middleware/static.rb:126:in `call'
rack (2.0.8) lib/rack/sendfile.rb:111:in `call'
actionpack (6.0.2.1) lib/action_dispatch/middleware/host_authorization.rb:83:in `call'
rack-cors (1.1.1) lib/rack/cors.rb:100:in `call'
railties (6.0.2.1) lib/rails/engine.rb:526:in `call'
puma (4.3.1) lib/puma/configuration.rb:228:in `call'
puma (4.3.1) lib/puma/server.rb:681:in `handle_request'
puma (4.3.1) lib/puma/server.rb:472:in `process_client'
puma (4.3.1) lib/puma/server.rb:328:in `block in run'
puma (4.3.1) lib/puma/thread_pool.rb:134:in `block in spawn_thread'
Started GET "/characters" for ::1 at 2020-01-02 01:55:33 -0500
Started GET "/levels" for ::1 at 2020-01-02 01:55:33 -0500
Processing by LevelsController#index as */*
Processing by CharactersController#index as HTML
  [1m[36mLevel Load (1.2ms)[0m  [1m[34mSELECT "levels".* FROM "levels"[0m
  ↳ app/controllers/levels_controller.rb:4:in `index'
Completed 200 OK in 6ms (Views: 4.1ms | ActiveRecord: 1.2ms | Allocations: 1977)


  [1m[36mCharacter Load (4.7ms)[0m  [1m[34mSELECT "characters".* FROM "characters"[0m
  ↳ app/controllers/characters_controller.rb:5:in `index'
Completed 200 OK in 11ms (Views: 6.0ms | ActiveRecord: 4.7ms | Allocations: 3179)


Started GET "/levels" for ::1 at 2020-01-02 01:56:10 -0500
Processing by LevelsController#index as */*
  [1m[36mLevel Load (1.4ms)[0m  [1m[34mSELECT "levels".* FROM "levels"[0m
  ↳ app/controllers/levels_controller.rb:4:in `index'
Completed 200 OK in 8ms (Views: 5.8ms | ActiveRecord: 1.4ms | Allocations: 1796)


Started DELETE "/characters/4" for ::1 at 2020-01-02 01:56:13 -0500
Processing by CharactersController#destroy as */*
  Parameters: {"id"=>"4"}
  [1m[36mCharacter Load (0.5ms)[0m  [1m[34mSELECT "characters".* FROM "characters" WHERE "characters"."id" = $1 LIMIT $2[0m  [["id", 4], ["LIMIT", 1]]
  ↳ app/controllers/characters_controller.rb:18:in `destroy'
Completed 404 Not Found in 3ms (ActiveRecord: 0.8ms | Allocations: 655)


  
ActiveRecord::RecordNotFound (Couldn't find Character with 'id'=4):
  
app/controllers/characters_controller.rb:18:in `destroy'
Started DELETE "/characters/3" for ::1 at 2020-01-02 01:56:21 -0500
Processing by CharactersController#destroy as */*
  Parameters: {"id"=>"3"}
  [1m[36mCharacter Load (0.5ms)[0m  [1m[34mSELECT "characters".* FROM "characters" WHERE "characters"."id" = $1 LIMIT $2[0m  [["id", 3], ["LIMIT", 1]]
  ↳ app/controllers/characters_controller.rb:18:in `destroy'
  [1m[36mCharacter Destroy (3.6ms)[0m  [1m[31mDELETE FROM "characters" WHERE "characters"."id" = $1[0m  [["id", 3]]
  ↳ app/controllers/characters_controller.rb:19:in `destroy'
Completed 204 No Content in 7ms (ActiveRecord: 4.1ms | Allocations: 999)


Started DELETE "/characters/3" for ::1 at 2020-01-02 01:56:31 -0500
Processing by CharactersController#destroy as */*
  Parameters: {"id"=>"3"}
  [1m[36mCharacter Load (3.0ms)[0m  [1m[34mSELECT "characters".* FROM "characters" WHERE "characters"."id" = $1 LIMIT $2[0m  [["id", 3], ["LIMIT", 1]]
  ↳ app/controllers/characters_controller.rb:18:in `destroy'
Completed 404 Not Found in 5ms (ActiveRecord: 3.0ms | Allocations: 598)


  
ActiveRecord::RecordNotFound (Couldn't find Character with 'id'=3):
  
app/controllers/characters_controller.rb:18:in `destroy'
Started GET "/levels" for ::1 at 2020-01-02 01:57:06 -0500
Processing by LevelsController#index as */*
  [1m[36mLevel Load (0.6ms)[0m  [1m[34mSELECT "levels".* FROM "levels"[0m
  ↳ app/controllers/levels_controller.rb:4:in `index'
Completed 200 OK in 6ms (Views: 5.5ms | ActiveRecord: 0.6ms | Allocations: 1793)


Started DELETE "/characters/2" for ::1 at 2020-01-02 01:57:10 -0500
Processing by CharactersController#destroy as */*
  Parameters: {"id"=>"2"}
  [1m[36mCharacter Load (0.5ms)[0m  [1m[34mSELECT "characters".* FROM "characters" WHERE "characters"."id" = $1 LIMIT $2[0m  [["id", 2], ["LIMIT", 1]]
  ↳ app/controllers/characters_controller.rb:18:in `destroy'
  [1m[36mCharacter Destroy (2.1ms)[0m  [1m[31mDELETE FROM "characters" WHERE "characters"."id" = $1[0m  [["id", 2]]
  ↳ app/controllers/characters_controller.rb:19:in `destroy'
Completed 204 No Content in 6ms (ActiveRecord: 2.6ms | Allocations: 975)


Started GET "/levels" for ::1 at 2020-01-02 01:57:25 -0500
Processing by LevelsController#index as */*
  [1m[36mLevel Load (2.5ms)[0m  [1m[34mSELECT "levels".* FROM "levels"[0m
  ↳ app/controllers/levels_controller.rb:4:in `index'
Completed 200 OK in 6ms (Views: 3.4ms | ActiveRecord: 2.5ms | Allocations: 1796)


Started DELETE "/characters/2" for ::1 at 2020-01-02 01:57:28 -0500
Processing by CharactersController#destroy as */*
  Parameters: {"id"=>"2"}
  [1m[36mCharacter Load (0.6ms)[0m  [1m[34mSELECT "characters".* FROM "characters" WHERE "characters"."id" = $1 LIMIT $2[0m  [["id", 2], ["LIMIT", 1]]
  ↳ app/controllers/characters_controller.rb:18:in `destroy'
Completed 404 Not Found in 4ms (ActiveRecord: 0.6ms | Allocations: 598)


  
ActiveRecord::RecordNotFound (Couldn't find Character with 'id'=2):
  
app/controllers/characters_controller.rb:18:in `destroy'
Started GET "/levels" for ::1 at 2020-01-02 01:57:46 -0500
Processing by LevelsController#index as */*
  [1m[36mLevel Load (0.6ms)[0m  [1m[34mSELECT "levels".* FROM "levels"[0m
  ↳ app/controllers/levels_controller.rb:4:in `index'
Completed 200 OK in 5ms (Views: 4.2ms | ActiveRecord: 0.6ms | Allocations: 1793)


Started DELETE "/characters/2" for ::1 at 2020-01-02 01:57:50 -0500
Processing by CharactersController#destroy as */*
  Parameters: {"id"=>"2"}
  [1m[36mCharacter Load (0.8ms)[0m  [1m[34mSELECT "characters".* FROM "characters" WHERE "characters"."id" = $1 LIMIT $2[0m  [["id", 2], ["LIMIT", 1]]
  ↳ app/controllers/characters_controller.rb:18:in `destroy'
Completed 404 Not Found in 3ms (ActiveRecord: 0.8ms | Allocations: 598)


  
ActiveRecord::RecordNotFound (Couldn't find Character with 'id'=2):
  
app/controllers/characters_controller.rb:18:in `destroy'
Started GET "/characters" for ::1 at 2020-01-02 01:57:55 -0500
Processing by CharactersController#index as HTML
  [1m[36mCharacter Load (0.7ms)[0m  [1m[34mSELECT "characters".* FROM "characters"[0m
  ↳ app/controllers/characters_controller.rb:5:in `index'
Completed 200 OK in 4ms (Views: 2.8ms | ActiveRecord: 0.7ms | Allocations: 889)


Started DELETE "/characters/1" for ::1 at 2020-01-02 01:57:58 -0500
Processing by CharactersController#destroy as */*
  Parameters: {"id"=>"1"}
  [1m[36mCharacter Load (0.4ms)[0m  [1m[34mSELECT "characters".* FROM "characters" WHERE "characters"."id" = $1 LIMIT $2[0m  [["id", 1], ["LIMIT", 1]]
  ↳ app/controllers/characters_controller.rb:18:in `destroy'
  [1m[36mCharacter Destroy (1.4ms)[0m  [1m[31mDELETE FROM "characters" WHERE "characters"."id" = $1[0m  [["id", 1]]
  ↳ app/controllers/characters_controller.rb:19:in `destroy'
Completed 204 No Content in 5ms (ActiveRecord: 1.8ms | Allocations: 975)


Started GET "/characters" for ::1 at 2020-01-02 01:58:05 -0500
Processing by CharactersController#index as HTML
  [1m[36mCharacter Load (0.7ms)[0m  [1m[34mSELECT "characters".* FROM "characters"[0m
  ↳ app/controllers/characters_controller.rb:5:in `index'
Completed 200 OK in 3ms (Views: 1.9ms | ActiveRecord: 0.7ms | Allocations: 773)


